<?xml version="1.0" encoding="UTF-8"?>
<testsuite xmlns:xsi="http://www.w3.org/2001/XMLSchema-instance" xsi:noNamespaceSchemaLocation="https://maven.apache.org/surefire/maven-surefire-plugin/xsd/surefire-test-report.xsd" name="LabbTest" time="0.001" tests="10" errors="0" skipped="0" failures="0">
  <properties>
[...]
</properties>
  <testcase name="testAddSalaryToAnEmployee" classname="LabbTest" time="0"/>
  <testcase name="testAddAgeToAnEmployee" classname="LabbTest" time="0"/>
  <testcase name="testIncreaseSalaryNotLowerThanZero" classname="LabbTest" time="0"/>
  <testcase name="testIncreaseSalaryToOneEmployeeNotMoreThanOneHundredPercent" classname="LabbTest" time="0"/>
  <testcase name="testNotGreaterThanOneHundredPercent" classname="LabbTest" time="0"/>
  <testcase name="testIncreaseSalaryToOneEmployee" classname="LabbTest" time="0"/>
  <testcase name="testIncreaseSalaryToOneEmployeeNotLowerThanZero" classname="LabbTest" time="0"/>
  <testcase name="testEmployeeFirstAndLastName" classname="LabbTest" time="0"/>
  <testcase name="testIncreaseAllSalaryToAllEmployees" classname="LabbTest" time="0"/>
  <testcase name="testAddCompanyIdAndRemoveEmployee" classname="LabbTest" time="0"/>
</testsuite>